120 2
5 53.2619 
5.03361 55.2105 
5.06723 57.2304 
5.10084 59.3242 
5.13445 61.4947 
5.16807 63.7444 
5.20168 66.0766 
5.23529 68.494 
5.26891 71 
5.30252 73.5975 
5.33613 76.2901 
5.36975 79.0813 
5.40336 81.9745 
5.43698 84.9736 
5.47059 88.0824 
5.5042 91.305 
5.53782 94.6454 
5.57143 98.1081 
5.60504 101.697 
5.63865 105.418 
5.67227 109.275 
5.70588 113.273 
5.7395 117.417 
5.77311 121.713 
5.80672 126.166 
5.84034 130.781 
5.87395 135.566 
5.90756 140.526 
5.94118 145.667 
5.97479 150.997 
6.0084 156.521 
6.04202 162.247 
6.07563 168.183 
6.10924 174.336 
6.14286 180.714 
6.17647 187.326 
6.21008 194.179 
6.2437 201.284 
6.27731 208.648 
6.31092 216.281 
6.34454 224.194 
6.37815 232.396 
6.41176 240.899 
6.44538 249.712 
6.47899 258.848 
6.5126 268.318 
6.54622 278.135 
6.57983 288.31 
6.61344 298.858 
6.64706 309.792 
6.68067 321.126 
6.71429 332.875 
6.7479 345.053 
6.78151 357.678 
6.81513 370.763 
6.84874 384.328 
6.88235 398.389 
6.91597 412.964 
6.94958 428.073 
6.98319 443.734 
7.01681 459.968 
7.05042 476.796 
7.08403 494.24 
7.11765 512.322 
7.15126 531.066 
7.18487 550.495 
7.21849 570.635 
7.2521 591.513 
7.28571 613.153 
7.31933 635.586 
7.35294 658.839 
7.38656 682.944 
7.42017 707.929 
7.45378 733.83 
7.4874 760.677 
7.52101 788.507 
7.55462 817.355 
7.58824 847.258 
7.62185 878.256 
7.65546 910.387 
7.68908 943.695 
7.72269 978.22 
7.7563 1014.01 
7.78992 1051.11 
7.82353 1089.56 
7.85714 1129.43 
7.89076 1170.75 
7.92437 1213.58 
7.95798 1257.98 
7.9916 1304 
8.02521 1351.71 
8.05882 1401.16 
8.09244 1452.43 
8.12605 1505.56 
8.15966 1560.65 
8.19328 1617.74 
8.22689 1676.93 
8.2605 1738.28 
8.29412 1801.88 
8.32773 1867.8 
8.36135 1936.13 
8.39496 2006.97 
8.42857 2080.39 
8.46218 2156.51 
8.4958 2235.4 
8.52941 2317.19 
8.56302 2401.96 
8.59664 2489.84 
8.63025 2580.93 
8.66387 2675.36 
8.69748 2773.24 
8.73109 2874.7 
8.76471 2979.87 
8.79832 3088.89 
8.83193 3201.9 
8.86555 3319.04 
8.89916 3440.47 
8.93277 3566.35 
8.96639 3696.82 
9 3832.07 
