120 2
4 66.4783 
4.15882 74.5254 
4.31765 83.1895 
4.47647 92.4927 
4.63529 102.457 
4.79412 113.104 
4.95294 124.455 
5.11177 136.534 
5.27059 149.36 
5.42941 162.956 
5.58824 177.344 
5.74706 192.545 
5.90588 208.581 
6.06471 225.474 
6.22353 243.244 
6.38235 261.913 
6.54118 281.503 
6.7 302.036 
6.85882 323.532 
7.01765 346.012 
7.17647 369.499 
7.33529 394.014 
7.49412 419.576 
7.65294 446.209 
7.81177 473.933 
7.97059 502.768 
8.12941 532.738 
8.28824 563.861 
8.44706 596.16 
8.60588 629.655 
8.76471 664.368 
8.92353 700.319 
9.08235 737.53 
9.24118 776.021 
9.4 815.813 
9.55882 856.928 
9.71765 899.385 
9.87647 943.206 
10.0353 988.412 
10.1941 1035.02 
10.3529 1083.06 
10.5118 1132.55 
10.6706 1183.5 
10.8294 1235.94 
10.9882 1289.89 
11.1471 1345.37 
11.3059 1402.4 
11.4647 1461 
11.6235 1521.19 
11.7824 1583 
11.9412 1646.44 
12.1 1711.53 
12.2588 1778.3 
12.4176 1846.76 
12.5765 1916.93 
12.7353 1988.84 
12.8941 2062.51 
13.0529 2137.95 
13.2118 2215.19 
13.3706 2294.25 
13.5294 2375.15 
13.6882 2457.9 
13.8471 2542.53 
14.0059 2629.06 
14.1647 2717.51 
14.3235 2807.9 
14.4824 2900.25 
14.6412 2994.58 
14.8 3090.91 
14.9588 3189.26 
15.1176 3289.65 
15.2765 3392.11 
15.4353 3496.64 
15.5941 3603.28 
15.7529 3712.04 
15.9118 3822.94 
16.0706 3936 
16.2294 4051.24 
16.3882 4168.69 
16.5471 4288.36 
16.7059 4410.27 
16.8647 4534.45 
17.0235 4660.91 
17.1824 4789.67 
17.3412 4920.76 
17.5 5054.19 
17.6588 5189.98 
17.8176 5328.15 
17.9765 5468.73 
18.1353 5611.73 
18.2941 5757.18 
18.4529 5905.09 
18.6118 6055.48 
18.7706 6208.37 
18.9294 6363.79 
19.0882 6521.75 
19.2471 6682.28 
19.4059 6845.39 
19.5647 7011.1 
19.7235 7179.43 
19.8824 7350.41 
20.0412 7524.05 
20.2 7700.37 
20.3588 7879.4 
20.5176 8061.14 
20.6765 8245.63 
20.8353 8432.88 
20.9941 8622.92 
21.1529 8815.75 
21.3118 9011.41 
21.4706 9209.9 
21.6294 9411.26 
21.7882 9615.5 
21.9471 9822.64 
22.1059 10032.7 
22.2647 10245.7 
22.4235 10461.7 
22.5824 10680.6 
22.7412 10902.5 
22.9 11127.5 
