120 2
4 167.294 
4.15882 174.006 
4.31765 180.987 
4.47647 188.248 
4.63529 195.801 
4.79412 203.657 
4.95294 211.828 
5.11177 220.327 
5.27059 229.167 
5.42941 238.361 
5.58824 247.924 
5.74706 257.872 
5.90588 268.218 
6.06471 278.979 
6.22353 290.172 
6.38235 301.814 
6.54118 313.923 
6.7 326.518 
6.85882 339.619 
7.01765 353.244 
7.17647 367.417 
7.33529 382.158 
7.49412 397.491 
7.65294 413.439 
7.81177 430.027 
7.97059 447.28 
8.12941 465.225 
8.28824 483.891 
8.44706 503.305 
8.60588 523.498 
8.76471 544.502 
8.92353 566.348 
9.08235 589.071 
9.24118 612.705 
9.4 637.288 
9.55882 662.856 
9.71765 689.451 
9.87647 717.113 
10.0353 745.884 
10.1941 775.81 
10.3529 806.937 
10.5118 839.312 
10.6706 872.986 
10.8294 908.012 
10.9882 944.442 
11.1471 982.335 
11.3059 1021.75 
11.4647 1062.74 
11.6235 1105.38 
11.7824 1149.73 
11.9412 1195.86 
12.1 1243.84 
12.2588 1293.74 
12.4176 1345.65 
12.5765 1399.64 
12.7353 1455.79 
12.8941 1514.2 
13.0529 1574.95 
13.2118 1638.14 
13.3706 1703.87 
13.5294 1772.23 
13.6882 1843.33 
13.8471 1917.29 
14.0059 1994.21 
14.1647 2074.22 
14.3235 2157.44 
14.4824 2244 
14.6412 2334.04 
14.8 2427.68 
14.9588 2525.08 
15.1176 2626.39 
15.2765 2731.77 
15.4353 2841.37 
15.5941 2955.37 
15.7529 3073.94 
15.9118 3197.27 
16.0706 3325.55 
16.2294 3458.98 
16.3882 3597.75 
16.5471 3742.1 
16.7059 3892.24 
16.8647 4048.4 
17.0235 4210.83 
17.1824 4379.77 
17.3412 4555.5 
17.5 4738.27 
17.6588 4928.37 
17.8176 5126.11 
17.9765 5331.77 
18.1353 5545.69 
18.2941 5768.19 
18.4529 5999.62 
18.6118 6240.33 
18.7706 6490.7 
18.9294 6751.12 
19.0882 7021.98 
19.2471 7303.71 
19.4059 7596.75 
19.5647 7901.54 
19.7235 8218.56 
19.8824 8548.3 
20.0412 8891.27 
20.2 9248 
20.3588 9619.04 
20.5176 10005 
20.6765 10406.4 
20.8353 10823.9 
20.9941 11258.2 
21.1529 11709.9 
21.3118 12179.7 
21.4706 12668.3 
21.6294 13176.6 
21.7882 13705.3 
21.9471 14255.1 
22.1059 14827.1 
22.2647 15422 
22.4235 16040.7 
22.5824 16684.3 
22.7412 17353.7 
22.9 18049.9 
