120 2
5 -587.952 
5.03361 -562.963 
5.06723 -537.972 
5.10084 -512.982 
5.13445 -487.992 
5.16807 -463.002 
5.20168 -438.012 
5.23529 -413.022 
5.26891 -388.031 
5.30252 -363.042 
5.33613 -338.052 
5.36975 -313.061 
5.40336 -288.072 
5.43698 -263.081 
5.47059 -238.091 
5.5042 -213.101 
5.53782 -188.111 
5.57143 -163.121 
5.60504 -138.131 
5.63865 -113.141 
5.67227 -88.1507 
5.70588 -63.161 
5.7395 -38.1705 
5.77311 -13.1807 
5.80672 11.8098 
5.84034 36.7995 
5.87395 61.79 
5.90756 86.7798 
5.94118 111.77 
5.97479 136.76 
6.0084 161.75 
6.04202 186.74 
6.07563 211.73 
6.10924 236.72 
6.14286 261.71 
6.17647 286.701 
6.21008 311.69 
6.2437 336.68 
6.27731 361.671 
6.31092 386.66 
6.34454 411.651 
6.37815 436.641 
6.41176 461.631 
6.44538 486.621 
6.47899 511.611 
6.5126 536.601 
6.54622 561.591 
6.57983 586.581 
6.61344 611.571 
6.64706 636.562 
6.68067 661.551 
6.71429 686.542 
6.7479 711.532 
6.78151 736.522 
6.81513 761.512 
6.84874 786.502 
6.88235 811.492 
6.91597 836.482 
6.94958 861.472 
6.98319 886.462 
7.01681 911.453 
7.05042 936.442 
7.08403 961.433 
7.11765 986.423 
7.15126 1011.41 
7.18487 1036.4 
7.21849 1061.39 
7.2521 1086.38 
7.28571 1111.37 
7.31933 1136.36 
7.35294 1161.35 
7.38656 1186.34 
7.42017 1211.33 
7.45378 1236.32 
7.4874 1261.31 
7.52101 1286.3 
7.55462 1311.29 
7.58824 1336.28 
7.62185 1361.27 
7.65546 1386.26 
7.68908 1411.25 
7.72269 1436.24 
7.7563 1461.23 
7.78992 1486.22 
7.82353 1511.21 
7.85714 1536.2 
7.89076 1561.19 
7.92437 1586.18 
7.95798 1611.17 
7.9916 1636.16 
8.02521 1661.15 
8.05882 1686.15 
8.09244 1711.13 
8.12605 1736.12 
8.15966 1761.12 
8.19328 1786.1 
8.22689 1811.1 
8.2605 1836.09 
8.29412 1861.08 
8.32773 1886.07 
8.36135 1911.06 
8.39496 1936.05 
8.42857 1961.04 
8.46218 1986.03 
8.4958 2011.02 
8.52941 2036.01 
8.56302 2061 
8.59664 2085.99 
8.63025 2110.98 
8.66387 2135.97 
8.69748 2160.96 
8.73109 2185.95 
8.76471 2210.94 
8.79832 2235.93 
8.83193 2260.92 
8.86555 2285.91 
8.89916 2310.9 
8.93277 2335.89 
8.96639 2360.88 
9 2385.87 
