120 2
4 -1875.08 
4.15882 -1785.17 
4.31765 -1695.25 
4.47647 -1605.34 
4.63529 -1515.42 
4.79412 -1425.5 
4.95294 -1335.59 
5.11177 -1245.67 
5.27059 -1155.76 
5.42941 -1065.84 
5.58824 -975.926 
5.74706 -886.01 
5.90588 -796.094 
6.06471 -706.178 
6.22353 -616.263 
6.38235 -526.347 
6.54118 -436.431 
6.7 -346.515 
6.85882 -256.599 
7.01765 -166.684 
7.17647 -76.7676 
7.33529 13.1479 
7.49412 103.064 
7.65294 192.979 
7.81177 282.895 
7.97059 372.811 
8.12941 462.727 
8.28824 552.642 
8.44706 642.558 
8.60588 732.474 
8.76471 822.39 
8.92353 912.305 
9.08235 1002.22 
9.24118 1092.14 
9.4 1182.05 
9.55882 1271.97 
9.71765 1361.88 
9.87647 1451.8 
10.0353 1541.72 
10.1941 1631.63 
10.3529 1721.55 
10.5118 1811.46 
10.6706 1901.38 
10.8294 1991.29 
10.9882 2081.21 
11.1471 2171.13 
11.3059 2261.04 
11.4647 2350.96 
11.6235 2440.87 
11.7824 2530.79 
11.9412 2620.7 
12.1 2710.62 
12.2588 2800.54 
12.4176 2890.45 
12.5765 2980.37 
12.7353 3070.28 
12.8941 3160.2 
13.0529 3250.12 
13.2118 3340.03 
13.3706 3429.95 
13.5294 3519.86 
13.6882 3609.78 
13.8471 3699.69 
14.0059 3789.61 
14.1647 3879.53 
14.3235 3969.44 
14.4824 4059.36 
14.6412 4149.27 
14.8 4239.19 
14.9588 4329.1 
15.1176 4419.02 
15.2765 4508.94 
15.4353 4598.85 
15.5941 4688.77 
15.7529 4778.68 
15.9118 4868.6 
16.0706 4958.51 
16.2294 5048.43 
16.3882 5138.35 
16.5471 5228.26 
16.7059 5318.18 
16.8647 5408.09 
17.0235 5498.01 
17.1824 5587.93 
17.3412 5677.84 
17.5 5767.76 
17.6588 5857.67 
17.8176 5947.59 
17.9765 6037.5 
18.1353 6127.42 
18.2941 6217.34 
18.4529 6307.25 
18.6118 6397.17 
18.7706 6487.08 
18.9294 6577 
19.0882 6666.91 
19.2471 6756.83 
19.4059 6846.75 
19.5647 6936.66 
19.7235 7026.58 
19.8824 7116.49 
20.0412 7206.41 
20.2 7296.32 
20.3588 7386.24 
20.5176 7476.16 
20.6765 7566.07 
20.8353 7655.99 
20.9941 7745.9 
21.1529 7835.82 
21.3118 7925.74 
21.4706 8015.65 
21.6294 8105.57 
21.7882 8195.48 
21.9471 8285.4 
22.1059 8375.31 
22.2647 8465.23 
22.4235 8555.15 
22.5824 8645.06 
22.7412 8734.98 
22.9 8824.89 
