120 2
5 42.9261 
5.03361 45.0789 
5.06723 47.3243 
5.10084 49.6654 
5.13445 52.106 
5.16807 54.6492 
5.20168 57.299 
5.23529 60.0589 
5.26891 62.9328 
5.30252 65.9245 
5.33613 69.0383 
5.36975 72.2782 
5.40336 75.6484 
5.43698 79.1535 
5.47059 82.7978 
5.5042 86.5861 
5.53782 90.523 
5.57143 94.6135 
5.60504 98.8625 
5.63865 103.275 
5.67227 107.857 
5.70588 112.613 
5.7395 117.549 
5.77311 122.67 
5.80672 127.983 
5.84034 133.494 
5.87395 139.208 
5.90756 145.132 
5.94118 151.272 
5.97479 157.635 
6.0084 164.228 
6.04202 171.058 
6.07563 178.131 
6.10924 185.455 
6.14286 193.038 
6.17647 200.886 
6.21008 209.009 
6.2437 217.414 
6.27731 226.108 
6.31092 235.101 
6.34454 244.402 
6.37815 254.018 
6.41176 263.959 
6.44538 274.233 
6.47899 284.852 
6.5126 295.823 
6.54622 307.157 
6.57983 318.864 
6.61344 330.953 
6.64706 343.437 
6.68067 356.325 
6.71429 369.628 
6.7479 383.358 
6.78151 397.525 
6.81513 412.142 
6.84874 427.221 
6.88235 442.773 
6.91597 458.812 
6.94958 475.35 
6.98319 492.399 
7.01681 509.974 
7.05042 528.088 
7.08403 546.754 
7.11765 565.987 
7.15126 585.801 
7.18487 606.211 
7.21849 627.231 
7.2521 648.879 
7.28571 671.167 
7.31933 694.114 
7.35294 717.733 
7.38656 742.045 
7.42017 767.062 
7.45378 792.806 
7.4874 819.29 
7.52101 846.535 
7.55462 874.559 
7.58824 903.38 
7.62185 933.017 
7.65546 963.489 
7.68908 994.817 
7.72269 1027.02 
7.7563 1060.12 
7.78992 1094.13 
7.82353 1129.08 
7.85714 1165 
7.89076 1201.89 
7.92437 1239.79 
7.95798 1278.71 
7.9916 1318.69 
8.02521 1359.74 
8.05882 1401.89 
8.09244 1445.16 
8.12605 1489.57 
8.15966 1535.17 
8.19328 1581.96 
8.22689 1629.97 
8.2605 1679.24 
8.29412 1729.79 
8.32773 1781.65 
8.36135 1834.84 
8.39496 1889.4 
8.42857 1945.35 
8.46218 2002.73 
8.4958 2061.56 
8.52941 2121.88 
8.56302 2183.71 
8.59664 2247.1 
8.63025 2312.06 
8.66387 2378.64 
8.69748 2446.87 
8.73109 2516.78 
8.76471 2588.41 
8.79832 2661.79 
8.83193 2736.96 
8.86555 2813.96 
8.89916 2892.81 
8.93277 2973.57 
8.96639 3056.27 
9 3140.94 
